Average: 0.1062702508905693
ID	Reference	Hypothesis	s+wms
0	A shooting at a gay nightclub in Orlando killed at least 50 people on Sunday, June 12. Orlando police said they shot and killed the gunman.	A shooting at a gay nightclub in Orlando killed at least 50 people on Sunday, June 12. Orlando police said they shot and killed the gunman.	0.9993236288124936
1	A shooting at a gay nightclub in Orlando killed at least 50 people on Sunday, June 12. Orlando police said they shot and killed the gunman.	Approximately 20 people have died after an attacker opened fire inside a gay nightclub in the Florida city of Orlando, police say.	0.036518935792226564
2	A shooting at a gay nightclub in Orlando killed at least 50 people on Sunday, June 12. Orlando police said they shot and killed the gunman.	Officials say at least 49 people were killed and dozens were injured in the shooting.	0.0199287577302624
3	A shooting at a gay nightclub in Orlando killed at least 50 people on Sunday, June 12. Orlando police said they shot and killed the gunman.	A terrorist opened fire inside a popular Orlando gay club near closing time early Sunday.	0.01790187971238085
4	A shooting at a gay nightclub in Orlando killed at least 50 people on Sunday, June 12. Orlando police said they shot and killed the gunman.	At least 42 people were taken to hospitals with injuries, police said. The shooter was killed in an exchange of gunfire with police.	0.017203259581110686
5	A shooting at a gay nightclub in Orlando killed at least 50 people on Sunday, June 12. Orlando police said they shot and killed the gunman.	Police in the US city of Orlando are telling people to stay away from a gay nightclub where a shooting has broken out and people are injured.'	0.03973386759978715
6	A shooting at a gay nightclub in Orlando killed at least 50 people on Sunday, June 12. Orlando police said they shot and killed the gunman.	Unconfirmed reports have emerged of a shooting at a nightclub in Orlando, Florida.'	0.015757989206103756
7	A shooting at a gay nightclub in Orlando killed at least 50 people on Sunday, June 12. Orlando police said they shot and killed the gunman.	At least 50 people are dead and dozens injured after a gunman opened fire at a gay nightclub in Orlando. What exactly happened?'	0.0410324705325209
8	A shooting at a gay nightclub in Orlando killed at least 50 people on Sunday, June 12. Orlando police said they shot and killed the gunman.	For three harrowing hours, as Omar Mateen carried out his rampage inside the Pulse nightclub in Orlando, clubgoers hid in bathrooms, in air-conditioning vents, under tables.'	0.005727956572499513
9	A shooting at a gay nightclub in Orlando killed at least 50 people on Sunday, June 12. Orlando police said they shot and killed the gunman.	It's the worst terror attack on American soil since 9/11, and the deadliest mass shooting in U.S. history.'	0.006739164799549568
10	A shooting at a gay nightclub in Orlando killed at least 50 people on Sunday, June 12. Orlando police said they shot and killed the gunman.	The gun massacre Sunday at an Orlando nightclub is the worst in the history of the U.S., where mass shootings are frighteningly common.'	0.02373306695796187
11	Approximately 20 people have died after an attacker opened fire inside a gay nightclub in the Florida city of Orlando, police say.	A shooting at a gay nightclub in Orlando killed at least 50 people on Sunday, June 12. Orlando police said they shot and killed the gunman.	0.036518935792226564
12	Approximately 20 people have died after an attacker opened fire inside a gay nightclub in the Florida city of Orlando, police say.	Approximately 20 people have died after an attacker opened fire inside a gay nightclub in the Florida city of Orlando, police say.	0.9993097383211589
13	Approximately 20 people have died after an attacker opened fire inside a gay nightclub in the Florida city of Orlando, police say.	Officials say at least 49 people were killed and dozens were injured in the shooting.	0.011556657922290426
14	Approximately 20 people have died after an attacker opened fire inside a gay nightclub in the Florida city of Orlando, police say.	A terrorist opened fire inside a popular Orlando gay club near closing time early Sunday.	0.04597030668462272
15	Approximately 20 people have died after an attacker opened fire inside a gay nightclub in the Florida city of Orlando, police say.	At least 42 people were taken to hospitals with injuries, police said. The shooter was killed in an exchange of gunfire with police.	0.010164094760870846
16	Approximately 20 people have died after an attacker opened fire inside a gay nightclub in the Florida city of Orlando, police say.	Police in the US city of Orlando are telling people to stay away from a gay nightclub where a shooting has broken out and people are injured.'	0.06824680413078259
17	Approximately 20 people have died after an attacker opened fire inside a gay nightclub in the Florida city of Orlando, police say.	Unconfirmed reports have emerged of a shooting at a nightclub in Orlando, Florida.'	0.0141465288025032
18	Approximately 20 people have died after an attacker opened fire inside a gay nightclub in the Florida city of Orlando, police say.	At least 50 people are dead and dozens injured after a gunman opened fire at a gay nightclub in Orlando. What exactly happened?'	0.06321461592606534
19	Approximately 20 people have died after an attacker opened fire inside a gay nightclub in the Florida city of Orlando, police say.	For three harrowing hours, as Omar Mateen carried out his rampage inside the Pulse nightclub in Orlando, clubgoers hid in bathrooms, in air-conditioning vents, under tables.'	0.01022452686157919
20	Approximately 20 people have died after an attacker opened fire inside a gay nightclub in the Florida city of Orlando, police say.	It's the worst terror attack on American soil since 9/11, and the deadliest mass shooting in U.S. history.'	0.005888594300594635
21	Approximately 20 people have died after an attacker opened fire inside a gay nightclub in the Florida city of Orlando, police say.	The gun massacre Sunday at an Orlando nightclub is the worst in the history of the U.S., where mass shootings are frighteningly common.'	0.014756549397141182
22	Officials say at least 49 people were killed and dozens were injured in the shooting.	A shooting at a gay nightclub in Orlando killed at least 50 people on Sunday, June 12. Orlando police said they shot and killed the gunman.	0.0199287577302624
23	Officials say at least 49 people were killed and dozens were injured in the shooting.	Approximately 20 people have died after an attacker opened fire inside a gay nightclub in the Florida city of Orlando, police say.	0.011556657922290426
24	Officials say at least 49 people were killed and dozens were injured in the shooting.	Officials say at least 49 people were killed and dozens were injured in the shooting.	1.0
25	Officials say at least 49 people were killed and dozens were injured in the shooting.	A terrorist opened fire inside a popular Orlando gay club near closing time early Sunday.	0.00603959457772543
26	Officials say at least 49 people were killed and dozens were injured in the shooting.	At least 42 people were taken to hospitals with injuries, police said. The shooter was killed in an exchange of gunfire with police.	0.03027308854106686
27	Officials say at least 49 people were killed and dozens were injured in the shooting.	Police in the US city of Orlando are telling people to stay away from a gay nightclub where a shooting has broken out and people are injured.'	0.024787995348236926
28	Officials say at least 49 people were killed and dozens were injured in the shooting.	Unconfirmed reports have emerged of a shooting at a nightclub in Orlando, Florida.'	0.004890497349547134
29	Officials say at least 49 people were killed and dozens were injured in the shooting.	At least 50 people are dead and dozens injured after a gunman opened fire at a gay nightclub in Orlando. What exactly happened?'	0.028955688184068337
30	Officials say at least 49 people were killed and dozens were injured in the shooting.	For three harrowing hours, as Omar Mateen carried out his rampage inside the Pulse nightclub in Orlando, clubgoers hid in bathrooms, in air-conditioning vents, under tables.'	0.0030777573597957873
31	Officials say at least 49 people were killed and dozens were injured in the shooting.	It's the worst terror attack on American soil since 9/11, and the deadliest mass shooting in U.S. history.'	0.00958831945919152
32	Officials say at least 49 people were killed and dozens were injured in the shooting.	The gun massacre Sunday at an Orlando nightclub is the worst in the history of the U.S., where mass shootings are frighteningly common.'	0.005883393558806653
33	A terrorist opened fire inside a popular Orlando gay club near closing time early Sunday.	A shooting at a gay nightclub in Orlando killed at least 50 people on Sunday, June 12. Orlando police said they shot and killed the gunman.	0.01790187971238085
34	A terrorist opened fire inside a popular Orlando gay club near closing time early Sunday.	Approximately 20 people have died after an attacker opened fire inside a gay nightclub in the Florida city of Orlando, police say.	0.04597030668462272
35	A terrorist opened fire inside a popular Orlando gay club near closing time early Sunday.	Officials say at least 49 people were killed and dozens were injured in the shooting.	0.00603959457772543
36	A terrorist opened fire inside a popular Orlando gay club near closing time early Sunday.	A terrorist opened fire inside a popular Orlando gay club near closing time early Sunday.	0.9993097383211589
37	A terrorist opened fire inside a popular Orlando gay club near closing time early Sunday.	At least 42 people were taken to hospitals with injuries, police said. The shooter was killed in an exchange of gunfire with police.	0.004826568136671961
38	A terrorist opened fire inside a popular Orlando gay club near closing time early Sunday.	Police in the US city of Orlando are telling people to stay away from a gay nightclub where a shooting has broken out and people are injured.'	0.020985254970014685
39	A terrorist opened fire inside a popular Orlando gay club near closing time early Sunday.	Unconfirmed reports have emerged of a shooting at a nightclub in Orlando, Florida.'	0.009527126418571405
40	A terrorist opened fire inside a popular Orlando gay club near closing time early Sunday.	At least 50 people are dead and dozens injured after a gunman opened fire at a gay nightclub in Orlando. What exactly happened?'	0.0352100619093647
41	A terrorist opened fire inside a popular Orlando gay club near closing time early Sunday.	For three harrowing hours, as Omar Mateen carried out his rampage inside the Pulse nightclub in Orlando, clubgoers hid in bathrooms, in air-conditioning vents, under tables.'	0.009442624085396869
42	A terrorist opened fire inside a popular Orlando gay club near closing time early Sunday.	It's the worst terror attack on American soil since 9/11, and the deadliest mass shooting in U.S. history.'	0.007226587223142409
43	A terrorist opened fire inside a popular Orlando gay club near closing time early Sunday.	The gun massacre Sunday at an Orlando nightclub is the worst in the history of the U.S., where mass shootings are frighteningly common.'	0.017031788017360393
44	At least 42 people were taken to hospitals with injuries, police said. The shooter was killed in an exchange of gunfire with police.	A shooting at a gay nightclub in Orlando killed at least 50 people on Sunday, June 12. Orlando police said they shot and killed the gunman.	0.017203259581110686
45	At least 42 people were taken to hospitals with injuries, police said. The shooter was killed in an exchange of gunfire with police.	Approximately 20 people have died after an attacker opened fire inside a gay nightclub in the Florida city of Orlando, police say.	0.010164094760870846
46	At least 42 people were taken to hospitals with injuries, police said. The shooter was killed in an exchange of gunfire with police.	Officials say at least 49 people were killed and dozens were injured in the shooting.	0.03027308854106686
47	At least 42 people were taken to hospitals with injuries, police said. The shooter was killed in an exchange of gunfire with police.	A terrorist opened fire inside a popular Orlando gay club near closing time early Sunday.	0.004826568136671961
48	At least 42 people were taken to hospitals with injuries, police said. The shooter was killed in an exchange of gunfire with police.	At least 42 people were taken to hospitals with injuries, police said. The shooter was killed in an exchange of gunfire with police.	0.997866362833655
49	At least 42 people were taken to hospitals with injuries, police said. The shooter was killed in an exchange of gunfire with police.	Police in the US city of Orlando are telling people to stay away from a gay nightclub where a shooting has broken out and people are injured.'	0.012850188222685752
50	At least 42 people were taken to hospitals with injuries, police said. The shooter was killed in an exchange of gunfire with police.	Unconfirmed reports have emerged of a shooting at a nightclub in Orlando, Florida.'	0.002943249984037356
51	At least 42 people were taken to hospitals with injuries, police said. The shooter was killed in an exchange of gunfire with police.	At least 50 people are dead and dozens injured after a gunman opened fire at a gay nightclub in Orlando. What exactly happened?'	0.012341275433312194
52	At least 42 people were taken to hospitals with injuries, police said. The shooter was killed in an exchange of gunfire with police.	For three harrowing hours, as Omar Mateen carried out his rampage inside the Pulse nightclub in Orlando, clubgoers hid in bathrooms, in air-conditioning vents, under tables.'	0.002779502664562432
53	At least 42 people were taken to hospitals with injuries, police said. The shooter was killed in an exchange of gunfire with police.	It's the worst terror attack on American soil since 9/11, and the deadliest mass shooting in U.S. history.'	0.005470269313048723
54	At least 42 people were taken to hospitals with injuries, police said. The shooter was killed in an exchange of gunfire with police.	The gun massacre Sunday at an Orlando nightclub is the worst in the history of the U.S., where mass shootings are frighteningly common.'	0.004923035836478027
55	Police in the US city of Orlando are telling people to stay away from a gay nightclub where a shooting has broken out and people are injured.'	A shooting at a gay nightclub in Orlando killed at least 50 people on Sunday, June 12. Orlando police said they shot and killed the gunman.	0.03973386759978715
56	Police in the US city of Orlando are telling people to stay away from a gay nightclub where a shooting has broken out and people are injured.'	Approximately 20 people have died after an attacker opened fire inside a gay nightclub in the Florida city of Orlando, police say.	0.06824680413078259
57	Police in the US city of Orlando are telling people to stay away from a gay nightclub where a shooting has broken out and people are injured.'	Officials say at least 49 people were killed and dozens were injured in the shooting.	0.024787995348236926
58	Police in the US city of Orlando are telling people to stay away from a gay nightclub where a shooting has broken out and people are injured.'	A terrorist opened fire inside a popular Orlando gay club near closing time early Sunday.	0.020985254970014685
59	Police in the US city of Orlando are telling people to stay away from a gay nightclub where a shooting has broken out and people are injured.'	At least 42 people were taken to hospitals with injuries, police said. The shooter was killed in an exchange of gunfire with police.	0.012850188222685752
60	Police in the US city of Orlando are telling people to stay away from a gay nightclub where a shooting has broken out and people are injured.'	Police in the US city of Orlando are telling people to stay away from a gay nightclub where a shooting has broken out and people are injured.'	0.9990239766359854
61	Police in the US city of Orlando are telling people to stay away from a gay nightclub where a shooting has broken out and people are injured.'	Unconfirmed reports have emerged of a shooting at a nightclub in Orlando, Florida.'	0.012777843659321678
62	Police in the US city of Orlando are telling people to stay away from a gay nightclub where a shooting has broken out and people are injured.'	At least 50 people are dead and dozens injured after a gunman opened fire at a gay nightclub in Orlando. What exactly happened?'	0.05627788847808117
63	Police in the US city of Orlando are telling people to stay away from a gay nightclub where a shooting has broken out and people are injured.'	For three harrowing hours, as Omar Mateen carried out his rampage inside the Pulse nightclub in Orlando, clubgoers hid in bathrooms, in air-conditioning vents, under tables.'	0.00822426905142287
64	Police in the US city of Orlando are telling people to stay away from a gay nightclub where a shooting has broken out and people are injured.'	It's the worst terror attack on American soil since 9/11, and the deadliest mass shooting in U.S. history.'	0.007361171286351208
65	Police in the US city of Orlando are telling people to stay away from a gay nightclub where a shooting has broken out and people are injured.'	The gun massacre Sunday at an Orlando nightclub is the worst in the history of the U.S., where mass shootings are frighteningly common.'	0.014632381443518692
66	Unconfirmed reports have emerged of a shooting at a nightclub in Orlando, Florida.'	A shooting at a gay nightclub in Orlando killed at least 50 people on Sunday, June 12. Orlando police said they shot and killed the gunman.	0.015757989206103756
67	Unconfirmed reports have emerged of a shooting at a nightclub in Orlando, Florida.'	Approximately 20 people have died after an attacker opened fire inside a gay nightclub in the Florida city of Orlando, police say.	0.0141465288025032
68	Unconfirmed reports have emerged of a shooting at a nightclub in Orlando, Florida.'	Officials say at least 49 people were killed and dozens were injured in the shooting.	0.004890497349547134
69	Unconfirmed reports have emerged of a shooting at a nightclub in Orlando, Florida.'	A terrorist opened fire inside a popular Orlando gay club near closing time early Sunday.	0.009527126418571405
70	Unconfirmed reports have emerged of a shooting at a nightclub in Orlando, Florida.'	At least 42 people were taken to hospitals with injuries, police said. The shooter was killed in an exchange of gunfire with police.	0.002943249984037356
71	Unconfirmed reports have emerged of a shooting at a nightclub in Orlando, Florida.'	Police in the US city of Orlando are telling people to stay away from a gay nightclub where a shooting has broken out and people are injured.'	0.012777843659321678
72	Unconfirmed reports have emerged of a shooting at a nightclub in Orlando, Florida.'	Unconfirmed reports have emerged of a shooting at a nightclub in Orlando, Florida.'	1.0
73	Unconfirmed reports have emerged of a shooting at a nightclub in Orlando, Florida.'	At least 50 people are dead and dozens injured after a gunman opened fire at a gay nightclub in Orlando. What exactly happened?'	0.010411387720825505
74	Unconfirmed reports have emerged of a shooting at a nightclub in Orlando, Florida.'	For three harrowing hours, as Omar Mateen carried out his rampage inside the Pulse nightclub in Orlando, clubgoers hid in bathrooms, in air-conditioning vents, under tables.'	0.007221482195469806
75	Unconfirmed reports have emerged of a shooting at a nightclub in Orlando, Florida.'	It's the worst terror attack on American soil since 9/11, and the deadliest mass shooting in U.S. history.'	0.005085940695616581
76	Unconfirmed reports have emerged of a shooting at a nightclub in Orlando, Florida.'	The gun massacre Sunday at an Orlando nightclub is the worst in the history of the U.S., where mass shootings are frighteningly common.'	0.013509169312619345
77	At least 50 people are dead and dozens injured after a gunman opened fire at a gay nightclub in Orlando. What exactly happened?'	A shooting at a gay nightclub in Orlando killed at least 50 people on Sunday, June 12. Orlando police said they shot and killed the gunman.	0.0410324705325209
78	At least 50 people are dead and dozens injured after a gunman opened fire at a gay nightclub in Orlando. What exactly happened?'	Approximately 20 people have died after an attacker opened fire inside a gay nightclub in the Florida city of Orlando, police say.	0.06321461592606534
79	At least 50 people are dead and dozens injured after a gunman opened fire at a gay nightclub in Orlando. What exactly happened?'	Officials say at least 49 people were killed and dozens were injured in the shooting.	0.028955688184068337
80	At least 50 people are dead and dozens injured after a gunman opened fire at a gay nightclub in Orlando. What exactly happened?'	A terrorist opened fire inside a popular Orlando gay club near closing time early Sunday.	0.0352100619093647
81	At least 50 people are dead and dozens injured after a gunman opened fire at a gay nightclub in Orlando. What exactly happened?'	At least 42 people were taken to hospitals with injuries, police said. The shooter was killed in an exchange of gunfire with police.	0.012341275433312194
82	At least 50 people are dead and dozens injured after a gunman opened fire at a gay nightclub in Orlando. What exactly happened?'	Police in the US city of Orlando are telling people to stay away from a gay nightclub where a shooting has broken out and people are injured.'	0.05627788847808117
83	At least 50 people are dead and dozens injured after a gunman opened fire at a gay nightclub in Orlando. What exactly happened?'	Unconfirmed reports have emerged of a shooting at a nightclub in Orlando, Florida.'	0.010411387720825505
84	At least 50 people are dead and dozens injured after a gunman opened fire at a gay nightclub in Orlando. What exactly happened?'	At least 50 people are dead and dozens injured after a gunman opened fire at a gay nightclub in Orlando. What exactly happened?'	1.0
85	At least 50 people are dead and dozens injured after a gunman opened fire at a gay nightclub in Orlando. What exactly happened?'	For three harrowing hours, as Omar Mateen carried out his rampage inside the Pulse nightclub in Orlando, clubgoers hid in bathrooms, in air-conditioning vents, under tables.'	0.00915232765419251
86	At least 50 people are dead and dozens injured after a gunman opened fire at a gay nightclub in Orlando. What exactly happened?'	It's the worst terror attack on American soil since 9/11, and the deadliest mass shooting in U.S. history.'	0.006886381622512544
87	At least 50 people are dead and dozens injured after a gunman opened fire at a gay nightclub in Orlando. What exactly happened?'	The gun massacre Sunday at an Orlando nightclub is the worst in the history of the U.S., where mass shootings are frighteningly common.'	0.022159789887862085
88	For three harrowing hours, as Omar Mateen carried out his rampage inside the Pulse nightclub in Orlando, clubgoers hid in bathrooms, in air-conditioning vents, under tables.'	A shooting at a gay nightclub in Orlando killed at least 50 people on Sunday, June 12. Orlando police said they shot and killed the gunman.	0.005727956572499513
89	For three harrowing hours, as Omar Mateen carried out his rampage inside the Pulse nightclub in Orlando, clubgoers hid in bathrooms, in air-conditioning vents, under tables.'	Approximately 20 people have died after an attacker opened fire inside a gay nightclub in the Florida city of Orlando, police say.	0.01022452686157919
90	For three harrowing hours, as Omar Mateen carried out his rampage inside the Pulse nightclub in Orlando, clubgoers hid in bathrooms, in air-conditioning vents, under tables.'	Officials say at least 49 people were killed and dozens were injured in the shooting.	0.0030777573597957873
91	For three harrowing hours, as Omar Mateen carried out his rampage inside the Pulse nightclub in Orlando, clubgoers hid in bathrooms, in air-conditioning vents, under tables.'	A terrorist opened fire inside a popular Orlando gay club near closing time early Sunday.	0.009442624085396869
92	For three harrowing hours, as Omar Mateen carried out his rampage inside the Pulse nightclub in Orlando, clubgoers hid in bathrooms, in air-conditioning vents, under tables.'	At least 42 people were taken to hospitals with injuries, police said. The shooter was killed in an exchange of gunfire with police.	0.002779502664562432
93	For three harrowing hours, as Omar Mateen carried out his rampage inside the Pulse nightclub in Orlando, clubgoers hid in bathrooms, in air-conditioning vents, under tables.'	Police in the US city of Orlando are telling people to stay away from a gay nightclub where a shooting has broken out and people are injured.'	0.00822426905142287
94	For three harrowing hours, as Omar Mateen carried out his rampage inside the Pulse nightclub in Orlando, clubgoers hid in bathrooms, in air-conditioning vents, under tables.'	Unconfirmed reports have emerged of a shooting at a nightclub in Orlando, Florida.'	0.007221482195469806
95	For three harrowing hours, as Omar Mateen carried out his rampage inside the Pulse nightclub in Orlando, clubgoers hid in bathrooms, in air-conditioning vents, under tables.'	At least 50 people are dead and dozens injured after a gunman opened fire at a gay nightclub in Orlando. What exactly happened?'	0.00915232765419251
96	For three harrowing hours, as Omar Mateen carried out his rampage inside the Pulse nightclub in Orlando, clubgoers hid in bathrooms, in air-conditioning vents, under tables.'	For three harrowing hours, as Omar Mateen carried out his rampage inside the Pulse nightclub in Orlando, clubgoers hid in bathrooms, in air-conditioning vents, under tables.'	0.9995116193023063
97	For three harrowing hours, as Omar Mateen carried out his rampage inside the Pulse nightclub in Orlando, clubgoers hid in bathrooms, in air-conditioning vents, under tables.'	It's the worst terror attack on American soil since 9/11, and the deadliest mass shooting in U.S. history.'	0.0034314765369823476
98	For three harrowing hours, as Omar Mateen carried out his rampage inside the Pulse nightclub in Orlando, clubgoers hid in bathrooms, in air-conditioning vents, under tables.'	The gun massacre Sunday at an Orlando nightclub is the worst in the history of the U.S., where mass shootings are frighteningly common.'	0.008834694465423173
99	It's the worst terror attack on American soil since 9/11, and the deadliest mass shooting in U.S. history.'	A shooting at a gay nightclub in Orlando killed at least 50 people on Sunday, June 12. Orlando police said they shot and killed the gunman.	0.006739164799549568
100	It's the worst terror attack on American soil since 9/11, and the deadliest mass shooting in U.S. history.'	Approximately 20 people have died after an attacker opened fire inside a gay nightclub in the Florida city of Orlando, police say.	0.005888594300594635
101	It's the worst terror attack on American soil since 9/11, and the deadliest mass shooting in U.S. history.'	Officials say at least 49 people were killed and dozens were injured in the shooting.	0.00958831945919152
102	It's the worst terror attack on American soil since 9/11, and the deadliest mass shooting in U.S. history.'	A terrorist opened fire inside a popular Orlando gay club near closing time early Sunday.	0.007226587223142409
103	It's the worst terror attack on American soil since 9/11, and the deadliest mass shooting in U.S. history.'	At least 42 people were taken to hospitals with injuries, police said. The shooter was killed in an exchange of gunfire with police.	0.005470269313048723
104	It's the worst terror attack on American soil since 9/11, and the deadliest mass shooting in U.S. history.'	Police in the US city of Orlando are telling people to stay away from a gay nightclub where a shooting has broken out and people are injured.'	0.007361171286351208
105	It's the worst terror attack on American soil since 9/11, and the deadliest mass shooting in U.S. history.'	Unconfirmed reports have emerged of a shooting at a nightclub in Orlando, Florida.'	0.005085940695616581
106	It's the worst terror attack on American soil since 9/11, and the deadliest mass shooting in U.S. history.'	At least 50 people are dead and dozens injured after a gunman opened fire at a gay nightclub in Orlando. What exactly happened?'	0.006886381622512544
107	It's the worst terror attack on American soil since 9/11, and the deadliest mass shooting in U.S. history.'	For three harrowing hours, as Omar Mateen carried out his rampage inside the Pulse nightclub in Orlando, clubgoers hid in bathrooms, in air-conditioning vents, under tables.'	0.0034314765369823476
108	It's the worst terror attack on American soil since 9/11, and the deadliest mass shooting in U.S. history.'	It's the worst terror attack on American soil since 9/11, and the deadliest mass shooting in U.S. history.'	0.9986199532197577
109	It's the worst terror attack on American soil since 9/11, and the deadliest mass shooting in U.S. history.'	The gun massacre Sunday at an Orlando nightclub is the worst in the history of the U.S., where mass shootings are frighteningly common.'	0.019401572282045643
110	The gun massacre Sunday at an Orlando nightclub is the worst in the history of the U.S., where mass shootings are frighteningly common.'	A shooting at a gay nightclub in Orlando killed at least 50 people on Sunday, June 12. Orlando police said they shot and killed the gunman.	0.02373306695796187
111	The gun massacre Sunday at an Orlando nightclub is the worst in the history of the U.S., where mass shootings are frighteningly common.'	Approximately 20 people have died after an attacker opened fire inside a gay nightclub in the Florida city of Orlando, police say.	0.014756549397141182
112	The gun massacre Sunday at an Orlando nightclub is the worst in the history of the U.S., where mass shootings are frighteningly common.'	Officials say at least 49 people were killed and dozens were injured in the shooting.	0.005883393558806653
113	The gun massacre Sunday at an Orlando nightclub is the worst in the history of the U.S., where mass shootings are frighteningly common.'	A terrorist opened fire inside a popular Orlando gay club near closing time early Sunday.	0.017031788017360393
114	The gun massacre Sunday at an Orlando nightclub is the worst in the history of the U.S., where mass shootings are frighteningly common.'	At least 42 people were taken to hospitals with injuries, police said. The shooter was killed in an exchange of gunfire with police.	0.004923035836478027
115	The gun massacre Sunday at an Orlando nightclub is the worst in the history of the U.S., where mass shootings are frighteningly common.'	Police in the US city of Orlando are telling people to stay away from a gay nightclub where a shooting has broken out and people are injured.'	0.014632381443518692
116	The gun massacre Sunday at an Orlando nightclub is the worst in the history of the U.S., where mass shootings are frighteningly common.'	Unconfirmed reports have emerged of a shooting at a nightclub in Orlando, Florida.'	0.013509169312619345
117	The gun massacre Sunday at an Orlando nightclub is the worst in the history of the U.S., where mass shootings are frighteningly common.'	At least 50 people are dead and dozens injured after a gunman opened fire at a gay nightclub in Orlando. What exactly happened?'	0.022159789887862085
118	The gun massacre Sunday at an Orlando nightclub is the worst in the history of the U.S., where mass shootings are frighteningly common.'	For three harrowing hours, as Omar Mateen carried out his rampage inside the Pulse nightclub in Orlando, clubgoers hid in bathrooms, in air-conditioning vents, under tables.'	0.008834694465423173
119	The gun massacre Sunday at an Orlando nightclub is the worst in the history of the U.S., where mass shootings are frighteningly common.'	It's the worst terror attack on American soil since 9/11, and the deadliest mass shooting in U.S. history.'	0.019401572282045643
120	The gun massacre Sunday at an Orlando nightclub is the worst in the history of the U.S., where mass shootings are frighteningly common.'	The gun massacre Sunday at an Orlando nightclub is the worst in the history of the U.S., where mass shootings are frighteningly common.'	1.0
